<?xml version="1.0" encoding="UTF-8"?>
<testsuite xmlns:xsi="http://www.w3.org/2001/XMLSchema-instance" xsi:noNamespaceSchemaLocation="https://maven.apache.org/surefire/maven-surefire-plugin/xsd/surefire-test-report.xsd" version="3.0.2" name="com.szakdologzat.repiceapp.service.RecipeBookRelationServiceTest" time="0.407" tests="9" errors="0" skipped="0" failures="0">
  <properties>
    <property name="java.specification.version" value="22"/>
    <property name="sun.jnu.encoding" value="UTF-8"/>
    <property name="java.class.path" value="/Users/I570971/Documents/GitHub/Szakdoga---jhipster2/target/test-classes:/Users/I570971/Documents/GitHub/Szakdoga---jhipster2/target/classes:/var/root/.m2/repository/tech/jhipster/jhipster-framework/8.7.1/jhipster-framework-8.7.1.jar:/var/root/.m2/repository/org/springframework/boot/spring-boot-configuration-processor/3.3.4/spring-boot-configuration-processor-3.3.4.jar:/var/root/.m2/repository/org/springframework/boot/spring-boot-loader-tools/3.3.4/spring-boot-loader-tools-3.3.4.jar:/var/root/.m2/repository/org/apache/commons/commons-compress/1.25.0/commons-compress-1.25.0.jar:/var/root/.m2/repository/org/springframework/spring-core/6.1.13/spring-core-6.1.13.jar:/var/root/.m2/repository/org/springframework/spring-jcl/6.1.13/spring-jcl-6.1.13.jar:/var/root/.m2/repository/org/springframework/boot/spring-boot-starter-actuator/3.3.4/spring-boot-starter-actuator-3.3.4.jar:/var/root/.m2/repository/org/springframework/boot/spring-boot-starter/3.3.4/spring-boot-starter-3.3.4.jar:/var/root/.m2/repository/org/springframework/boot/spring-boot-actuator-autoconfigure/3.3.4/spring-boot-actuator-autoconfigure-3.3.4.jar:/var/root/.m2/repository/org/springframework/boot/spring-boot-actuator/3.3.4/spring-boot-actuator-3.3.4.jar:/var/root/.m2/repository/io/micrometer/micrometer-observation/1.13.4/micrometer-observation-1.13.4.jar:/var/root/.m2/repository/io/micrometer/micrometer-commons/1.13.4/micrometer-commons-1.13.4.jar:/var/root/.m2/repository/io/micrometer/micrometer-jakarta9/1.13.4/micrometer-jakarta9-1.13.4.jar:/var/root/.m2/repository/io/micrometer/micrometer-core/1.13.4/micrometer-core-1.13.4.jar:/var/root/.m2/repository/org/hdrhistogram/HdrHistogram/2.2.2/HdrHistogram-2.2.2.jar:/var/root/.m2/repository/org/latencyutils/LatencyUtils/2.0.3/LatencyUtils-2.0.3.jar:/var/root/.m2/repository/org/springframework/boot/spring-boot-starter-aop/3.3.4/spring-boot-starter-aop-3.3.4.jar:/var/root/.m2/repository/org/springframework/spring-aop/6.1.13/spring-aop-6.1.13.jar:/var/root/.m2/repository/org/springframework/spring-beans/6.1.13/spring-beans-6.1.13.jar:/var/root/.m2/repository/org/aspectj/aspectjweaver/1.9.22.1/aspectjweaver-1.9.22.1.jar:/var/root/.m2/repository/org/springframework/boot/spring-boot-starter-cache/3.3.4/spring-boot-starter-cache-3.3.4.jar:/var/root/.m2/repository/org/springframework/spring-context-support/6.1.13/spring-context-support-6.1.13.jar:/var/root/.m2/repository/org/springframework/spring-context/6.1.13/spring-context-6.1.13.jar:/var/root/.m2/repository/org/springframework/boot/spring-boot-starter-data-jpa/3.3.4/spring-boot-starter-data-jpa-3.3.4.jar:/var/root/.m2/repository/org/springframework/boot/spring-boot-starter-jdbc/3.3.4/spring-boot-starter-jdbc-3.3.4.jar:/var/root/.m2/repository/org/springframework/spring-jdbc/6.1.13/spring-jdbc-6.1.13.jar:/var/root/.m2/repository/org/springframework/data/spring-data-jpa/3.3.4/spring-data-jpa-3.3.4.jar:/var/root/.m2/repository/org/springframework/spring-orm/6.1.13/spring-orm-6.1.13.jar:/var/root/.m2/repository/org/springframework/spring-tx/6.1.13/spring-tx-6.1.13.jar:/var/root/.m2/repository/org/springframework/spring-aspects/6.1.13/spring-aspects-6.1.13.jar:/var/root/.m2/repository/org/springframework/boot/spring-boot-starter-logging/3.3.4/spring-boot-starter-logging-3.3.4.jar:/var/root/.m2/repository/ch/qos/logback/logback-classic/1.5.8/logback-classic-1.5.8.jar:/var/root/.m2/repository/ch/qos/logback/logback-core/1.5.8/logback-core-1.5.8.jar:/var/root/.m2/repository/org/apache/logging/log4j/log4j-to-slf4j/2.23.1/log4j-to-slf4j-2.23.1.jar:/var/root/.m2/repository/org/apache/logging/log4j/log4j-api/2.23.1/log4j-api-2.23.1.jar:/var/root/.m2/repository/org/slf4j/jul-to-slf4j/2.0.16/jul-to-slf4j-2.0.16.jar:/var/root/.m2/repository/org/springframework/boot/spring-boot-starter-mail/3.3.4/spring-boot-starter-mail-3.3.4.jar:/var/root/.m2/repository/org/eclipse/angus/jakarta.mail/2.0.3/jakarta.mail-2.0.3.jar:/var/root/.m2/repository/org/eclipse/angus/angus-activation/2.0.2/angus-activation-2.0.2.jar:/var/root/.m2/repository/org/springframework/boot/spring-boot-starter-security/3.3.4/spring-boot-starter-security-3.3.4.jar:/var/root/.m2/repository/org/springframework/security/spring-security-config/6.3.3/spring-security-config-6.3.3.jar:/var/root/.m2/repository/org/springframework/security/spring-security-web/6.3.3/spring-security-web-6.3.3.jar:/var/root/.m2/repository/org/springframework/spring-expression/6.1.13/spring-expression-6.1.13.jar:/var/root/.m2/repository/org/springframework/boot/spring-boot-starter-test/3.3.4/spring-boot-starter-test-3.3.4.jar:/var/root/.m2/repository/org/springframework/boot/spring-boot-test-autoconfigure/3.3.4/spring-boot-test-autoconfigure-3.3.4.jar:/var/root/.m2/repository/com/jayway/jsonpath/json-path/2.9.0/json-path-2.9.0.jar:/var/root/.m2/repository/jakarta/xml/bind/jakarta.xml.bind-api/4.0.2/jakarta.xml.bind-api-4.0.2.jar:/var/root/.m2/repository/net/minidev/json-smart/2.5.1/json-smart-2.5.1.jar:/var/root/.m2/repository/net/minidev/accessors-smart/2.5.1/accessors-smart-2.5.1.jar:/var/root/.m2/repository/org/ow2/asm/asm/9.6/asm-9.6.jar:/var/root/.m2/repository/org/assertj/assertj-core/3.25.3/assertj-core-3.25.3.jar:/var/root/.m2/repository/org/awaitility/awaitility/4.2.2/awaitility-4.2.2.jar:/var/root/.m2/repository/org/hamcrest/hamcrest/2.2/hamcrest-2.2.jar:/var/root/.m2/repository/org/junit/jupiter/junit-jupiter/5.10.3/junit-jupiter-5.10.3.jar:/var/root/.m2/repository/org/junit/jupiter/junit-jupiter-api/5.10.3/junit-jupiter-api-5.10.3.jar:/var/root/.m2/repository/org/opentest4j/opentest4j/1.3.0/opentest4j-1.3.0.jar:/var/root/.m2/repository/org/junit/platform/junit-platform-commons/1.10.3/junit-platform-commons-1.10.3.jar:/var/root/.m2/repository/org/apiguardian/apiguardian-api/1.1.2/apiguardian-api-1.1.2.jar:/var/root/.m2/repository/org/junit/jupiter/junit-jupiter-params/5.10.3/junit-jupiter-params-5.10.3.jar:/var/root/.m2/repository/org/junit/jupiter/junit-jupiter-engine/5.10.3/junit-jupiter-engine-5.10.3.jar:/var/root/.m2/repository/org/mockito/mockito-core/5.11.0/mockito-core-5.11.0.jar:/var/root/.m2/repository/net/bytebuddy/byte-buddy-agent/1.14.19/byte-buddy-agent-1.14.19.jar:/var/root/.m2/repository/org/objenesis/objenesis/3.3/objenesis-3.3.jar:/var/root/.m2/repository/org/mockito/mockito-junit-jupiter/5.11.0/mockito-junit-jupiter-5.11.0.jar:/var/root/.m2/repository/org/skyscreamer/jsonassert/1.5.3/jsonassert-1.5.3.jar:/var/root/.m2/repository/com/vaadin/external/google/android-json/0.0.20131108.vaadin1/android-json-0.0.20131108.vaadin1.jar:/var/root/.m2/repository/org/springframework/spring-test/6.1.13/spring-test-6.1.13.jar:/var/root/.m2/repository/org/xmlunit/xmlunit-core/2.9.1/xmlunit-core-2.9.1.jar:/var/root/.m2/repository/org/springframework/boot/spring-boot-starter-thymeleaf/3.3.4/spring-boot-starter-thymeleaf-3.3.4.jar:/var/root/.m2/repository/org/thymeleaf/thymeleaf-spring6/3.1.2.RELEASE/thymeleaf-spring6-3.1.2.RELEASE.jar:/var/root/.m2/repository/org/thymeleaf/thymeleaf/3.1.2.RELEASE/thymeleaf-3.1.2.RELEASE.jar:/var/root/.m2/repository/org/attoparser/attoparser/2.0.7.RELEASE/attoparser-2.0.7.RELEASE.jar:/var/root/.m2/repository/org/unbescape/unbescape/1.1.6.RELEASE/unbescape-1.1.6.RELEASE.jar:/var/root/.m2/repository/org/springframework/boot/spring-boot-starter-undertow/3.3.4/spring-boot-starter-undertow-3.3.4.jar:/var/root/.m2/repository/io/undertow/undertow-core/2.3.17.Final/undertow-core-2.3.17.Final.jar:/var/root/.m2/repository/org/jboss/xnio/xnio-api/3.8.16.Final/xnio-api-3.8.16.Final.jar:/var/root/.m2/repository/org/wildfly/common/wildfly-common/1.5.4.Final/wildfly-common-1.5.4.Final.jar:/var/root/.m2/repository/org/wildfly/client/wildfly-client-config/1.0.1.Final/wildfly-client-config-1.0.1.Final.jar:/var/root/.m2/repository/org/jboss/xnio/xnio-nio/3.8.16.Final/xnio-nio-3.8.16.Final.jar:/var/root/.m2/repository/org/jboss/threads/jboss-threads/3.5.0.Final/jboss-threads-3.5.0.Final.jar:/var/root/.m2/repository/io/undertow/undertow-servlet/2.3.17.Final/undertow-servlet-2.3.17.Final.jar:/var/root/.m2/repository/jakarta/servlet/jakarta.servlet-api/6.0.0/jakarta.servlet-api-6.0.0.jar:/var/root/.m2/repository/io/undertow/undertow-websockets-jsr/2.3.17.Final/undertow-websockets-jsr-2.3.17.Final.jar:/var/root/.m2/repository/jakarta/websocket/jakarta.websocket-api/2.1.1/jakarta.websocket-api-2.1.1.jar:/var/root/.m2/repository/jakarta/websocket/jakarta.websocket-client-api/2.1.1/jakarta.websocket-client-api-2.1.1.jar:/var/root/.m2/repository/org/apache/tomcat/embed/tomcat-embed-el/10.1.30/tomcat-embed-el-10.1.30.jar:/var/root/.m2/repository/org/springframework/boot/spring-boot-starter-validation/3.3.4/spring-boot-starter-validation-3.3.4.jar:/var/root/.m2/repository/org/springframework/boot/spring-boot-starter-web/3.3.4/spring-boot-starter-web-3.3.4.jar:/var/root/.m2/repository/org/springframework/boot/spring-boot-starter-json/3.3.4/spring-boot-starter-json-3.3.4.jar:/var/root/.m2/repository/com/fasterxml/jackson/datatype/jackson-datatype-jdk8/2.17.2/jackson-datatype-jdk8-2.17.2.jar:/var/root/.m2/repository/org/springframework/spring-web/6.1.13/spring-web-6.1.13.jar:/var/root/.m2/repository/org/springframework/spring-webmvc/6.1.13/spring-webmvc-6.1.13.jar:/var/root/.m2/repository/org/springframework/boot/spring-boot-test/3.3.4/spring-boot-test-3.3.4.jar:/var/root/.m2/repository/org/springframework/boot/spring-boot/3.3.4/spring-boot-3.3.4.jar:/var/root/.m2/repository/org/springframework/security/spring-security-data/6.3.3/spring-security-data-6.3.3.jar:/var/root/.m2/repository/org/springframework/security/spring-security-core/6.3.3/spring-security-core-6.3.3.jar:/var/root/.m2/repository/org/springframework/security/spring-security-crypto/6.3.3/spring-security-crypto-6.3.3.jar:/var/root/.m2/repository/org/springframework/data/spring-data-commons/3.3.4/spring-data-commons-3.3.4.jar:/var/root/.m2/repository/org/springframework/security/spring-security-test/6.3.3/spring-security-test-6.3.3.jar:/var/root/.m2/repository/org/springdoc/springdoc-openapi-starter-webmvc-api/2.6.0/springdoc-openapi-starter-webmvc-api-2.6.0.jar:/var/root/.m2/repository/org/springdoc/springdoc-openapi-starter-common/2.6.0/springdoc-openapi-starter-common-2.6.0.jar:/var/root/.m2/repository/io/swagger/core/v3/swagger-core-jakarta/2.2.22/swagger-core-jakarta-2.2.22.jar:/var/root/.m2/repository/io/swagger/core/v3/swagger-annotations-jakarta/2.2.22/swagger-annotations-jakarta-2.2.22.jar:/var/root/.m2/repository/io/swagger/core/v3/swagger-models-jakarta/2.2.22/swagger-models-jakarta-2.2.22.jar:/var/root/.m2/repository/com/fasterxml/jackson/dataformat/jackson-dataformat-yaml/2.17.2/jackson-dataformat-yaml-2.17.2.jar:/var/root/.m2/repository/com/fasterxml/jackson/datatype/jackson-datatype-hibernate6/2.17.2/jackson-datatype-hibernate6-2.17.2.jar:/var/root/.m2/repository/jakarta/transaction/jakarta.transaction-api/2.0.1/jakarta.transaction-api-2.0.1.jar:/var/root/.m2/repository/com/fasterxml/jackson/core/jackson-core/2.17.2/jackson-core-2.17.2.jar:/var/root/.m2/repository/com/fasterxml/jackson/core/jackson-databind/2.17.2/jackson-databind-2.17.2.jar:/var/root/.m2/repository/com/fasterxml/jackson/datatype/jackson-datatype-hppc/2.17.2/jackson-datatype-hppc-2.17.2.jar:/var/root/.m2/repository/com/carrotsearch/hppc/0.8.2/hppc-0.8.2.jar:/var/root/.m2/repository/com/fasterxml/jackson/datatype/jackson-datatype-jsr310/2.17.2/jackson-datatype-jsr310-2.17.2.jar:/var/root/.m2/repository/com/fasterxml/jackson/core/jackson-annotations/2.17.2/jackson-annotations-2.17.2.jar:/var/root/.m2/repository/com/fasterxml/jackson/module/jackson-module-jaxb-annotations/2.17.2/jackson-module-jaxb-annotations-2.17.2.jar:/var/root/.m2/repository/jakarta/activation/jakarta.activation-api/2.1.3/jakarta.activation-api-2.1.3.jar:/var/root/.m2/repository/com/tngtech/archunit/archunit-junit5-api/1.3.0/archunit-junit5-api-1.3.0.jar:/var/root/.m2/repository/com/tngtech/archunit/archunit/1.3.0/archunit-1.3.0.jar:/var/root/.m2/repository/com/tngtech/archunit/archunit-junit5-engine/1.3.0/archunit-junit5-engine-1.3.0.jar:/var/root/.m2/repository/com/tngtech/archunit/archunit-junit5-engine-api/1.3.0/archunit-junit5-engine-api-1.3.0.jar:/var/root/.m2/repository/org/junit/platform/junit-platform-engine/1.10.3/junit-platform-engine-1.10.3.jar:/var/root/.m2/repository/com/zaxxer/HikariCP/5.1.0/HikariCP-5.1.0.jar:/var/root/.m2/repository/org/slf4j/slf4j-api/2.0.16/slf4j-api-2.0.16.jar:/var/root/.m2/repository/jakarta/annotation/jakarta.annotation-api/2.1.1/jakarta.annotation-api-2.1.1.jar:/var/root/.m2/repository/javax/cache/cache-api/1.1.1/cache-api-1.1.1.jar:/var/root/.m2/repository/org/apache/commons/commons-lang3/3.14.0/commons-lang3-3.14.0.jar:/var/root/.m2/repository/org/ehcache/ehcache/3.10.8/ehcache-3.10.8-jakarta.jar:/var/root/.m2/repository/org/glassfish/jaxb/jaxb-runtime/4.0.5/jaxb-runtime-4.0.5.jar:/var/root/.m2/repository/org/glassfish/jaxb/jaxb-core/4.0.5/jaxb-core-4.0.5.jar:/var/root/.m2/repository/org/glassfish/jaxb/txw2/4.0.5/txw2-4.0.5.jar:/var/root/.m2/repository/com/sun/istack/istack-commons-runtime/4.1.2/istack-commons-runtime-4.1.2.jar:/var/root/.m2/repository/org/hibernate/orm/hibernate-core/6.5.3.Final/hibernate-core-6.5.3.Final.jar:/var/root/.m2/repository/jakarta/persistence/jakarta.persistence-api/3.1.0/jakarta.persistence-api-3.1.0.jar:/var/root/.m2/repository/org/jboss/logging/jboss-logging/3.5.3.Final/jboss-logging-3.5.3.Final.jar:/var/root/.m2/repository/org/hibernate/common/hibernate-commons-annotations/6.0.6.Final/hibernate-commons-annotations-6.0.6.Final.jar:/var/root/.m2/repository/io/smallrye/jandex/3.1.2/jandex-3.1.2.jar:/var/root/.m2/repository/com/fasterxml/classmate/1.7.0/classmate-1.7.0.jar:/var/root/.m2/repository/net/bytebuddy/byte-buddy/1.14.19/byte-buddy-1.14.19.jar:/var/root/.m2/repository/jakarta/inject/jakarta.inject-api/2.0.1/jakarta.inject-api-2.0.1.jar:/var/root/.m2/repository/org/antlr/antlr4-runtime/4.13.0/antlr4-runtime-4.13.0.jar:/var/root/.m2/repository/org/hibernate/orm/hibernate-jcache/6.5.3.Final/hibernate-jcache-6.5.3.Final.jar:/var/root/.m2/repository/org/hibernate/orm/hibernate-jpamodelgen/6.5.3.Final/hibernate-jpamodelgen-6.5.3.Final.jar:/var/root/.m2/repository/jakarta/validation/jakarta.validation-api/3.0.2/jakarta.validation-api-3.0.2.jar:/var/root/.m2/repository/org/hibernate/validator/hibernate-validator/8.0.1.Final/hibernate-validator-8.0.1.Final.jar:/var/root/.m2/repository/org/liquibase/liquibase-core/4.27.0/liquibase-core-4.27.0.jar:/var/root/.m2/repository/com/opencsv/opencsv/5.9/opencsv-5.9.jar:/var/root/.m2/repository/org/apache/commons/commons-text/1.11.0/commons-text-1.11.0.jar:/var/root/.m2/repository/org/apache/commons/commons-collections4/4.4/commons-collections4-4.4.jar:/var/root/.m2/repository/org/yaml/snakeyaml/2.2/snakeyaml-2.2.jar:/var/root/.m2/repository/javax/xml/bind/jaxb-api/2.3.1/jaxb-api-2.3.1.jar:/var/root/.m2/repository/org/mapstruct/mapstruct/1.6.2/mapstruct-1.6.2.jar:/var/root/.m2/repository/org/mapstruct/mapstruct-processor/1.6.2/mapstruct-processor-1.6.2.jar:/var/root/.m2/repository/org/testcontainers/jdbc/1.19.8/jdbc-1.19.8.jar:/var/root/.m2/repository/org/testcontainers/database-commons/1.19.8/database-commons-1.19.8.jar:/var/root/.m2/repository/org/testcontainers/junit-jupiter/1.19.8/junit-jupiter-1.19.8.jar:/var/root/.m2/repository/org/testcontainers/postgresql/1.19.8/postgresql-1.19.8.jar:/var/root/.m2/repository/org/testcontainers/testcontainers/1.19.8/testcontainers-1.19.8.jar:/var/root/.m2/repository/junit/junit/4.13.2/junit-4.13.2.jar:/var/root/.m2/repository/org/hamcrest/hamcrest-core/2.2/hamcrest-core-2.2.jar:/var/root/.m2/repository/org/rnorth/duct-tape/duct-tape/1.0.8/duct-tape-1.0.8.jar:/var/root/.m2/repository/org/jetbrains/annotations/17.0.0/annotations-17.0.0.jar:/var/root/.m2/repository/com/github/docker-java/docker-java-api/3.3.6/docker-java-api-3.3.6.jar:/var/root/.m2/repository/com/github/docker-java/docker-java-transport-zerodep/3.3.6/docker-java-transport-zerodep-3.3.6.jar:/var/root/.m2/repository/com/github/docker-java/docker-java-transport/3.3.6/docker-java-transport-3.3.6.jar:/var/root/.m2/repository/net/java/dev/jna/jna/5.13.0/jna-5.13.0.jar:/var/root/.m2/repository/org/springframework/boot/spring-boot-devtools/3.3.4/spring-boot-devtools-3.3.4.jar:/var/root/.m2/repository/org/springframework/boot/spring-boot-autoconfigure/3.3.4/spring-boot-autoconfigure-3.3.4.jar:/var/root/.m2/repository/com/h2database/h2/2.2.224/h2-2.2.224.jar:/var/root/.m2/repository/org/springframework/boot/spring-boot-docker-compose/3.3.4/spring-boot-docker-compose-3.3.4.jar:/var/root/.m2/repository/com/fasterxml/jackson/module/jackson-module-parameter-names/2.17.2/jackson-module-parameter-names-2.17.2.jar:"/>
    <property name="java.vm.vendor" value="Homebrew"/>
    <property name="sun.arch.data.model" value="64"/>
    <property name="java.vendor.url" value="https://github.com/Homebrew/homebrew-core/issues"/>
    <property name="user.timezone" value="Europe/Budapest"/>
    <property name="os.name" value="Mac OS X"/>
    <property name="java.vm.specification.version" value="22"/>
    <property name="sun.java.launcher" value="SUN_STANDARD"/>
    <property name="user.country" value="GB"/>
    <property name="sun.boot.library.path" value="/opt/homebrew/Cellar/openjdk/22.0.2/libexec/openjdk.jdk/Contents/Home/lib"/>
    <property name="sun.java.command" value="/Users/I570971/Documents/GitHub/Szakdoga---jhipster2/target/surefire/surefirebooter-20241201201939080_3.jar /Users/I570971/Documents/GitHub/Szakdoga---jhipster2/target/surefire 2024-12-01T20-19-38_989-jvmRun1 surefire-20241201201939080_1tmp surefire_0-20241201201939080_2tmp"/>
    <property name="jdk.debug" value="release"/>
    <property name="surefire.test.class.path" value="/Users/I570971/Documents/GitHub/Szakdoga---jhipster2/target/test-classes:/Users/I570971/Documents/GitHub/Szakdoga---jhipster2/target/classes:/var/root/.m2/repository/tech/jhipster/jhipster-framework/8.7.1/jhipster-framework-8.7.1.jar:/var/root/.m2/repository/org/springframework/boot/spring-boot-configuration-processor/3.3.4/spring-boot-configuration-processor-3.3.4.jar:/var/root/.m2/repository/org/springframework/boot/spring-boot-loader-tools/3.3.4/spring-boot-loader-tools-3.3.4.jar:/var/root/.m2/repository/org/apache/commons/commons-compress/1.25.0/commons-compress-1.25.0.jar:/var/root/.m2/repository/org/springframework/spring-core/6.1.13/spring-core-6.1.13.jar:/var/root/.m2/repository/org/springframework/spring-jcl/6.1.13/spring-jcl-6.1.13.jar:/var/root/.m2/repository/org/springframework/boot/spring-boot-starter-actuator/3.3.4/spring-boot-starter-actuator-3.3.4.jar:/var/root/.m2/repository/org/springframework/boot/spring-boot-starter/3.3.4/spring-boot-starter-3.3.4.jar:/var/root/.m2/repository/org/springframework/boot/spring-boot-actuator-autoconfigure/3.3.4/spring-boot-actuator-autoconfigure-3.3.4.jar:/var/root/.m2/repository/org/springframework/boot/spring-boot-actuator/3.3.4/spring-boot-actuator-3.3.4.jar:/var/root/.m2/repository/io/micrometer/micrometer-observation/1.13.4/micrometer-observation-1.13.4.jar:/var/root/.m2/repository/io/micrometer/micrometer-commons/1.13.4/micrometer-commons-1.13.4.jar:/var/root/.m2/repository/io/micrometer/micrometer-jakarta9/1.13.4/micrometer-jakarta9-1.13.4.jar:/var/root/.m2/repository/io/micrometer/micrometer-core/1.13.4/micrometer-core-1.13.4.jar:/var/root/.m2/repository/org/hdrhistogram/HdrHistogram/2.2.2/HdrHistogram-2.2.2.jar:/var/root/.m2/repository/org/latencyutils/LatencyUtils/2.0.3/LatencyUtils-2.0.3.jar:/var/root/.m2/repository/org/springframework/boot/spring-boot-starter-aop/3.3.4/spring-boot-starter-aop-3.3.4.jar:/var/root/.m2/repository/org/springframework/spring-aop/6.1.13/spring-aop-6.1.13.jar:/var/root/.m2/repository/org/springframework/spring-beans/6.1.13/spring-beans-6.1.13.jar:/var/root/.m2/repository/org/aspectj/aspectjweaver/1.9.22.1/aspectjweaver-1.9.22.1.jar:/var/root/.m2/repository/org/springframework/boot/spring-boot-starter-cache/3.3.4/spring-boot-starter-cache-3.3.4.jar:/var/root/.m2/repository/org/springframework/spring-context-support/6.1.13/spring-context-support-6.1.13.jar:/var/root/.m2/repository/org/springframework/spring-context/6.1.13/spring-context-6.1.13.jar:/var/root/.m2/repository/org/springframework/boot/spring-boot-starter-data-jpa/3.3.4/spring-boot-starter-data-jpa-3.3.4.jar:/var/root/.m2/repository/org/springframework/boot/spring-boot-starter-jdbc/3.3.4/spring-boot-starter-jdbc-3.3.4.jar:/var/root/.m2/repository/org/springframework/spring-jdbc/6.1.13/spring-jdbc-6.1.13.jar:/var/root/.m2/repository/org/springframework/data/spring-data-jpa/3.3.4/spring-data-jpa-3.3.4.jar:/var/root/.m2/repository/org/springframework/spring-orm/6.1.13/spring-orm-6.1.13.jar:/var/root/.m2/repository/org/springframework/spring-tx/6.1.13/spring-tx-6.1.13.jar:/var/root/.m2/repository/org/springframework/spring-aspects/6.1.13/spring-aspects-6.1.13.jar:/var/root/.m2/repository/org/springframework/boot/spring-boot-starter-logging/3.3.4/spring-boot-starter-logging-3.3.4.jar:/var/root/.m2/repository/ch/qos/logback/logback-classic/1.5.8/logback-classic-1.5.8.jar:/var/root/.m2/repository/ch/qos/logback/logback-core/1.5.8/logback-core-1.5.8.jar:/var/root/.m2/repository/org/apache/logging/log4j/log4j-to-slf4j/2.23.1/log4j-to-slf4j-2.23.1.jar:/var/root/.m2/repository/org/apache/logging/log4j/log4j-api/2.23.1/log4j-api-2.23.1.jar:/var/root/.m2/repository/org/slf4j/jul-to-slf4j/2.0.16/jul-to-slf4j-2.0.16.jar:/var/root/.m2/repository/org/springframework/boot/spring-boot-starter-mail/3.3.4/spring-boot-starter-mail-3.3.4.jar:/var/root/.m2/repository/org/eclipse/angus/jakarta.mail/2.0.3/jakarta.mail-2.0.3.jar:/var/root/.m2/repository/org/eclipse/angus/angus-activation/2.0.2/angus-activation-2.0.2.jar:/var/root/.m2/repository/org/springframework/boot/spring-boot-starter-security/3.3.4/spring-boot-starter-security-3.3.4.jar:/var/root/.m2/repository/org/springframework/security/spring-security-config/6.3.3/spring-security-config-6.3.3.jar:/var/root/.m2/repository/org/springframework/security/spring-security-web/6.3.3/spring-security-web-6.3.3.jar:/var/root/.m2/repository/org/springframework/spring-expression/6.1.13/spring-expression-6.1.13.jar:/var/root/.m2/repository/org/springframework/boot/spring-boot-starter-test/3.3.4/spring-boot-starter-test-3.3.4.jar:/var/root/.m2/repository/org/springframework/boot/spring-boot-test-autoconfigure/3.3.4/spring-boot-test-autoconfigure-3.3.4.jar:/var/root/.m2/repository/com/jayway/jsonpath/json-path/2.9.0/json-path-2.9.0.jar:/var/root/.m2/repository/jakarta/xml/bind/jakarta.xml.bind-api/4.0.2/jakarta.xml.bind-api-4.0.2.jar:/var/root/.m2/repository/net/minidev/json-smart/2.5.1/json-smart-2.5.1.jar:/var/root/.m2/repository/net/minidev/accessors-smart/2.5.1/accessors-smart-2.5.1.jar:/var/root/.m2/repository/org/ow2/asm/asm/9.6/asm-9.6.jar:/var/root/.m2/repository/org/assertj/assertj-core/3.25.3/assertj-core-3.25.3.jar:/var/root/.m2/repository/org/awaitility/awaitility/4.2.2/awaitility-4.2.2.jar:/var/root/.m2/repository/org/hamcrest/hamcrest/2.2/hamcrest-2.2.jar:/var/root/.m2/repository/org/junit/jupiter/junit-jupiter/5.10.3/junit-jupiter-5.10.3.jar:/var/root/.m2/repository/org/junit/jupiter/junit-jupiter-api/5.10.3/junit-jupiter-api-5.10.3.jar:/var/root/.m2/repository/org/opentest4j/opentest4j/1.3.0/opentest4j-1.3.0.jar:/var/root/.m2/repository/org/junit/platform/junit-platform-commons/1.10.3/junit-platform-commons-1.10.3.jar:/var/root/.m2/repository/org/apiguardian/apiguardian-api/1.1.2/apiguardian-api-1.1.2.jar:/var/root/.m2/repository/org/junit/jupiter/junit-jupiter-params/5.10.3/junit-jupiter-params-5.10.3.jar:/var/root/.m2/repository/org/junit/jupiter/junit-jupiter-engine/5.10.3/junit-jupiter-engine-5.10.3.jar:/var/root/.m2/repository/org/mockito/mockito-core/5.11.0/mockito-core-5.11.0.jar:/var/root/.m2/repository/net/bytebuddy/byte-buddy-agent/1.14.19/byte-buddy-agent-1.14.19.jar:/var/root/.m2/repository/org/objenesis/objenesis/3.3/objenesis-3.3.jar:/var/root/.m2/repository/org/mockito/mockito-junit-jupiter/5.11.0/mockito-junit-jupiter-5.11.0.jar:/var/root/.m2/repository/org/skyscreamer/jsonassert/1.5.3/jsonassert-1.5.3.jar:/var/root/.m2/repository/com/vaadin/external/google/android-json/0.0.20131108.vaadin1/android-json-0.0.20131108.vaadin1.jar:/var/root/.m2/repository/org/springframework/spring-test/6.1.13/spring-test-6.1.13.jar:/var/root/.m2/repository/org/xmlunit/xmlunit-core/2.9.1/xmlunit-core-2.9.1.jar:/var/root/.m2/repository/org/springframework/boot/spring-boot-starter-thymeleaf/3.3.4/spring-boot-starter-thymeleaf-3.3.4.jar:/var/root/.m2/repository/org/thymeleaf/thymeleaf-spring6/3.1.2.RELEASE/thymeleaf-spring6-3.1.2.RELEASE.jar:/var/root/.m2/repository/org/thymeleaf/thymeleaf/3.1.2.RELEASE/thymeleaf-3.1.2.RELEASE.jar:/var/root/.m2/repository/org/attoparser/attoparser/2.0.7.RELEASE/attoparser-2.0.7.RELEASE.jar:/var/root/.m2/repository/org/unbescape/unbescape/1.1.6.RELEASE/unbescape-1.1.6.RELEASE.jar:/var/root/.m2/repository/org/springframework/boot/spring-boot-starter-undertow/3.3.4/spring-boot-starter-undertow-3.3.4.jar:/var/root/.m2/repository/io/undertow/undertow-core/2.3.17.Final/undertow-core-2.3.17.Final.jar:/var/root/.m2/repository/org/jboss/xnio/xnio-api/3.8.16.Final/xnio-api-3.8.16.Final.jar:/var/root/.m2/repository/org/wildfly/common/wildfly-common/1.5.4.Final/wildfly-common-1.5.4.Final.jar:/var/root/.m2/repository/org/wildfly/client/wildfly-client-config/1.0.1.Final/wildfly-client-config-1.0.1.Final.jar:/var/root/.m2/repository/org/jboss/xnio/xnio-nio/3.8.16.Final/xnio-nio-3.8.16.Final.jar:/var/root/.m2/repository/org/jboss/threads/jboss-threads/3.5.0.Final/jboss-threads-3.5.0.Final.jar:/var/root/.m2/repository/io/undertow/undertow-servlet/2.3.17.Final/undertow-servlet-2.3.17.Final.jar:/var/root/.m2/repository/jakarta/servlet/jakarta.servlet-api/6.0.0/jakarta.servlet-api-6.0.0.jar:/var/root/.m2/repository/io/undertow/undertow-websockets-jsr/2.3.17.Final/undertow-websockets-jsr-2.3.17.Final.jar:/var/root/.m2/repository/jakarta/websocket/jakarta.websocket-api/2.1.1/jakarta.websocket-api-2.1.1.jar:/var/root/.m2/repository/jakarta/websocket/jakarta.websocket-client-api/2.1.1/jakarta.websocket-client-api-2.1.1.jar:/var/root/.m2/repository/org/apache/tomcat/embed/tomcat-embed-el/10.1.30/tomcat-embed-el-10.1.30.jar:/var/root/.m2/repository/org/springframework/boot/spring-boot-starter-validation/3.3.4/spring-boot-starter-validation-3.3.4.jar:/var/root/.m2/repository/org/springframework/boot/spring-boot-starter-web/3.3.4/spring-boot-starter-web-3.3.4.jar:/var/root/.m2/repository/org/springframework/boot/spring-boot-starter-json/3.3.4/spring-boot-starter-json-3.3.4.jar:/var/root/.m2/repository/com/fasterxml/jackson/datatype/jackson-datatype-jdk8/2.17.2/jackson-datatype-jdk8-2.17.2.jar:/var/root/.m2/repository/org/springframework/spring-web/6.1.13/spring-web-6.1.13.jar:/var/root/.m2/repository/org/springframework/spring-webmvc/6.1.13/spring-webmvc-6.1.13.jar:/var/root/.m2/repository/org/springframework/boot/spring-boot-test/3.3.4/spring-boot-test-3.3.4.jar:/var/root/.m2/repository/org/springframework/boot/spring-boot/3.3.4/spring-boot-3.3.4.jar:/var/root/.m2/repository/org/springframework/security/spring-security-data/6.3.3/spring-security-data-6.3.3.jar:/var/root/.m2/repository/org/springframework/security/spring-security-core/6.3.3/spring-security-core-6.3.3.jar:/var/root/.m2/repository/org/springframework/security/spring-security-crypto/6.3.3/spring-security-crypto-6.3.3.jar:/var/root/.m2/repository/org/springframework/data/spring-data-commons/3.3.4/spring-data-commons-3.3.4.jar:/var/root/.m2/repository/org/springframework/security/spring-security-test/6.3.3/spring-security-test-6.3.3.jar:/var/root/.m2/repository/org/springdoc/springdoc-openapi-starter-webmvc-api/2.6.0/springdoc-openapi-starter-webmvc-api-2.6.0.jar:/var/root/.m2/repository/org/springdoc/springdoc-openapi-starter-common/2.6.0/springdoc-openapi-starter-common-2.6.0.jar:/var/root/.m2/repository/io/swagger/core/v3/swagger-core-jakarta/2.2.22/swagger-core-jakarta-2.2.22.jar:/var/root/.m2/repository/io/swagger/core/v3/swagger-annotations-jakarta/2.2.22/swagger-annotations-jakarta-2.2.22.jar:/var/root/.m2/repository/io/swagger/core/v3/swagger-models-jakarta/2.2.22/swagger-models-jakarta-2.2.22.jar:/var/root/.m2/repository/com/fasterxml/jackson/dataformat/jackson-dataformat-yaml/2.17.2/jackson-dataformat-yaml-2.17.2.jar:/var/root/.m2/repository/com/fasterxml/jackson/datatype/jackson-datatype-hibernate6/2.17.2/jackson-datatype-hibernate6-2.17.2.jar:/var/root/.m2/repository/jakarta/transaction/jakarta.transaction-api/2.0.1/jakarta.transaction-api-2.0.1.jar:/var/root/.m2/repository/com/fasterxml/jackson/core/jackson-core/2.17.2/jackson-core-2.17.2.jar:/var/root/.m2/repository/com/fasterxml/jackson/core/jackson-databind/2.17.2/jackson-databind-2.17.2.jar:/var/root/.m2/repository/com/fasterxml/jackson/datatype/jackson-datatype-hppc/2.17.2/jackson-datatype-hppc-2.17.2.jar:/var/root/.m2/repository/com/carrotsearch/hppc/0.8.2/hppc-0.8.2.jar:/var/root/.m2/repository/com/fasterxml/jackson/datatype/jackson-datatype-jsr310/2.17.2/jackson-datatype-jsr310-2.17.2.jar:/var/root/.m2/repository/com/fasterxml/jackson/core/jackson-annotations/2.17.2/jackson-annotations-2.17.2.jar:/var/root/.m2/repository/com/fasterxml/jackson/module/jackson-module-jaxb-annotations/2.17.2/jackson-module-jaxb-annotations-2.17.2.jar:/var/root/.m2/repository/jakarta/activation/jakarta.activation-api/2.1.3/jakarta.activation-api-2.1.3.jar:/var/root/.m2/repository/com/tngtech/archunit/archunit-junit5-api/1.3.0/archunit-junit5-api-1.3.0.jar:/var/root/.m2/repository/com/tngtech/archunit/archunit/1.3.0/archunit-1.3.0.jar:/var/root/.m2/repository/com/tngtech/archunit/archunit-junit5-engine/1.3.0/archunit-junit5-engine-1.3.0.jar:/var/root/.m2/repository/com/tngtech/archunit/archunit-junit5-engine-api/1.3.0/archunit-junit5-engine-api-1.3.0.jar:/var/root/.m2/repository/org/junit/platform/junit-platform-engine/1.10.3/junit-platform-engine-1.10.3.jar:/var/root/.m2/repository/com/zaxxer/HikariCP/5.1.0/HikariCP-5.1.0.jar:/var/root/.m2/repository/org/slf4j/slf4j-api/2.0.16/slf4j-api-2.0.16.jar:/var/root/.m2/repository/jakarta/annotation/jakarta.annotation-api/2.1.1/jakarta.annotation-api-2.1.1.jar:/var/root/.m2/repository/javax/cache/cache-api/1.1.1/cache-api-1.1.1.jar:/var/root/.m2/repository/org/apache/commons/commons-lang3/3.14.0/commons-lang3-3.14.0.jar:/var/root/.m2/repository/org/ehcache/ehcache/3.10.8/ehcache-3.10.8-jakarta.jar:/var/root/.m2/repository/org/glassfish/jaxb/jaxb-runtime/4.0.5/jaxb-runtime-4.0.5.jar:/var/root/.m2/repository/org/glassfish/jaxb/jaxb-core/4.0.5/jaxb-core-4.0.5.jar:/var/root/.m2/repository/org/glassfish/jaxb/txw2/4.0.5/txw2-4.0.5.jar:/var/root/.m2/repository/com/sun/istack/istack-commons-runtime/4.1.2/istack-commons-runtime-4.1.2.jar:/var/root/.m2/repository/org/hibernate/orm/hibernate-core/6.5.3.Final/hibernate-core-6.5.3.Final.jar:/var/root/.m2/repository/jakarta/persistence/jakarta.persistence-api/3.1.0/jakarta.persistence-api-3.1.0.jar:/var/root/.m2/repository/org/jboss/logging/jboss-logging/3.5.3.Final/jboss-logging-3.5.3.Final.jar:/var/root/.m2/repository/org/hibernate/common/hibernate-commons-annotations/6.0.6.Final/hibernate-commons-annotations-6.0.6.Final.jar:/var/root/.m2/repository/io/smallrye/jandex/3.1.2/jandex-3.1.2.jar:/var/root/.m2/repository/com/fasterxml/classmate/1.7.0/classmate-1.7.0.jar:/var/root/.m2/repository/net/bytebuddy/byte-buddy/1.14.19/byte-buddy-1.14.19.jar:/var/root/.m2/repository/jakarta/inject/jakarta.inject-api/2.0.1/jakarta.inject-api-2.0.1.jar:/var/root/.m2/repository/org/antlr/antlr4-runtime/4.13.0/antlr4-runtime-4.13.0.jar:/var/root/.m2/repository/org/hibernate/orm/hibernate-jcache/6.5.3.Final/hibernate-jcache-6.5.3.Final.jar:/var/root/.m2/repository/org/hibernate/orm/hibernate-jpamodelgen/6.5.3.Final/hibernate-jpamodelgen-6.5.3.Final.jar:/var/root/.m2/repository/jakarta/validation/jakarta.validation-api/3.0.2/jakarta.validation-api-3.0.2.jar:/var/root/.m2/repository/org/hibernate/validator/hibernate-validator/8.0.1.Final/hibernate-validator-8.0.1.Final.jar:/var/root/.m2/repository/org/liquibase/liquibase-core/4.27.0/liquibase-core-4.27.0.jar:/var/root/.m2/repository/com/opencsv/opencsv/5.9/opencsv-5.9.jar:/var/root/.m2/repository/org/apache/commons/commons-text/1.11.0/commons-text-1.11.0.jar:/var/root/.m2/repository/org/apache/commons/commons-collections4/4.4/commons-collections4-4.4.jar:/var/root/.m2/repository/org/yaml/snakeyaml/2.2/snakeyaml-2.2.jar:/var/root/.m2/repository/javax/xml/bind/jaxb-api/2.3.1/jaxb-api-2.3.1.jar:/var/root/.m2/repository/org/mapstruct/mapstruct/1.6.2/mapstruct-1.6.2.jar:/var/root/.m2/repository/org/mapstruct/mapstruct-processor/1.6.2/mapstruct-processor-1.6.2.jar:/var/root/.m2/repository/org/testcontainers/jdbc/1.19.8/jdbc-1.19.8.jar:/var/root/.m2/repository/org/testcontainers/database-commons/1.19.8/database-commons-1.19.8.jar:/var/root/.m2/repository/org/testcontainers/junit-jupiter/1.19.8/junit-jupiter-1.19.8.jar:/var/root/.m2/repository/org/testcontainers/postgresql/1.19.8/postgresql-1.19.8.jar:/var/root/.m2/repository/org/testcontainers/testcontainers/1.19.8/testcontainers-1.19.8.jar:/var/root/.m2/repository/junit/junit/4.13.2/junit-4.13.2.jar:/var/root/.m2/repository/org/hamcrest/hamcrest-core/2.2/hamcrest-core-2.2.jar:/var/root/.m2/repository/org/rnorth/duct-tape/duct-tape/1.0.8/duct-tape-1.0.8.jar:/var/root/.m2/repository/org/jetbrains/annotations/17.0.0/annotations-17.0.0.jar:/var/root/.m2/repository/com/github/docker-java/docker-java-api/3.3.6/docker-java-api-3.3.6.jar:/var/root/.m2/repository/com/github/docker-java/docker-java-transport-zerodep/3.3.6/docker-java-transport-zerodep-3.3.6.jar:/var/root/.m2/repository/com/github/docker-java/docker-java-transport/3.3.6/docker-java-transport-3.3.6.jar:/var/root/.m2/repository/net/java/dev/jna/jna/5.13.0/jna-5.13.0.jar:/var/root/.m2/repository/org/springframework/boot/spring-boot-devtools/3.3.4/spring-boot-devtools-3.3.4.jar:/var/root/.m2/repository/org/springframework/boot/spring-boot-autoconfigure/3.3.4/spring-boot-autoconfigure-3.3.4.jar:/var/root/.m2/repository/com/h2database/h2/2.2.224/h2-2.2.224.jar:/var/root/.m2/repository/org/springframework/boot/spring-boot-docker-compose/3.3.4/spring-boot-docker-compose-3.3.4.jar:/var/root/.m2/repository/com/fasterxml/jackson/module/jackson-module-parameter-names/2.17.2/jackson-module-parameter-names-2.17.2.jar:"/>
    <property name="sun.cpu.endian" value="little"/>
    <property name="user.home" value="/var/root"/>
    <property name="user.language" value="en"/>
    <property name="java.specification.vendor" value="Oracle Corporation"/>
    <property name="java.version.date" value="2024-07-16"/>
    <property name="java.home" value="/opt/homebrew/Cellar/openjdk/22.0.2/libexec/openjdk.jdk/Contents/Home"/>
    <property name="file.separator" value="/"/>
    <property name="basedir" value="/Users/I570971/Documents/GitHub/Szakdoga---jhipster2"/>
    <property name="java.vm.compressedOopsMode" value="Zero based"/>
    <property name="line.separator" value="&#10;"/>
    <property name="java.vm.specification.vendor" value="Oracle Corporation"/>
    <property name="java.specification.name" value="Java Platform API Specification"/>
    <property name="apple.awt.application.name" value="ForkedBooter"/>
    <property name="surefire.real.class.path" value="/Users/I570971/Documents/GitHub/Szakdoga---jhipster2/target/surefire/surefirebooter-20241201201939080_3.jar"/>
    <property name="java.util.logging.config.file" value="src/test/resources/logback.xml"/>
    <property name="sun.management.compiler" value="HotSpot 64-Bit Tiered Compilers"/>
    <property name="java.runtime.version" value="22.0.2"/>
    <property name="user.name" value="root"/>
    <property name="stdout.encoding" value="UTF-8"/>
    <property name="path.separator" value=":"/>
    <property name="java.security.egd" value="file:/dev/./urandom"/>
    <property name="os.version" value="15.1.1"/>
    <property name="java.runtime.name" value="OpenJDK Runtime Environment"/>
    <property name="file.encoding" value="UTF-8"/>
    <property name="java.vm.name" value="OpenJDK 64-Bit Server VM"/>
    <property name="java.vendor.version" value="Homebrew"/>
    <property name="localRepository" value="/var/root/.m2/repository"/>
    <property name="java.vendor.url.bug" value="https://github.com/Homebrew/homebrew-core/issues"/>
    <property name="java.io.tmpdir" value="/var/folders/zz/zyxvpxvq6csfxvn_n0000000000000/T/"/>
    <property name="java.version" value="22.0.2"/>
    <property name="user.dir" value="/Users/I570971/Documents/GitHub/Szakdoga---jhipster2"/>
    <property name="os.arch" value="aarch64"/>
    <property name="java.vm.specification.name" value="Java Virtual Machine Specification"/>
    <property name="native.encoding" value="UTF-8"/>
    <property name="java.library.path" value="/Users/I570971/Library/Java/Extensions:/Library/Java/Extensions:/Network/Library/Java/Extensions:/System/Library/Java/Extensions:/usr/lib/java:."/>
    <property name="java.vm.info" value="mixed mode, sharing"/>
    <property name="stderr.encoding" value="UTF-8"/>
    <property name="java.vendor" value="Homebrew"/>
    <property name="java.vm.version" value="22.0.2"/>
    <property name="sun.io.unicode.encoding" value="UnicodeBig"/>
    <property name="java.class.version" value="66.0"/>
  </properties>
  <testcase name="testDeleteRecipeFromRecipeBook" classname="com.szakdologzat.repiceapp.service.RecipeBookRelationServiceTest" time="0.385"/>
  <testcase name="testFindAll" classname="com.szakdologzat.repiceapp.service.RecipeBookRelationServiceTest" time="0.003"/>
  <testcase name="testFindOne" classname="com.szakdologzat.repiceapp.service.RecipeBookRelationServiceTest" time="0.003"/>
  <testcase name="testSave" classname="com.szakdologzat.repiceapp.service.RecipeBookRelationServiceTest" time="0.002"/>
  <testcase name="testPartialUpdate" classname="com.szakdologzat.repiceapp.service.RecipeBookRelationServiceTest" time="0.003"/>
  <testcase name="testAddOrRemoveRecipe" classname="com.szakdologzat.repiceapp.service.RecipeBookRelationServiceTest" time="0.003"/>
  <testcase name="testGetRecipesByRecipeBookId" classname="com.szakdologzat.repiceapp.service.RecipeBookRelationServiceTest" time="0.002"/>
  <testcase name="testDelete" classname="com.szakdologzat.repiceapp.service.RecipeBookRelationServiceTest" time="0.002"/>
  <testcase name="testUpdate" classname="com.szakdologzat.repiceapp.service.RecipeBookRelationServiceTest" time="0.002"/>
</testsuite>